<?xml version="1.0" encoding="UTF-8"?>
<testsuite name="PokerGameTest" tests="8" skipped="0" failures="0" errors="0" timestamp="2020-06-25T02:44:57" hostname="LAPTOP-JQUVDO8R" time="0.004">
  <properties/>
  <testcase name="shouldReturnTieInCase4" classname="PokerGameTest" time="0.002"/>
  <testcase name="shouldReturnWhiteWinsInCase1" classname="PokerGameTest" time="0.0"/>
  <testcase name="shouldReturnWhiteWinsInCase2" classname="PokerGameTest" time="0.0"/>
  <testcase name="shouldReturnWhiteWinsInCase6" classname="PokerGameTest" time="0.001"/>
  <testcase name="shouldReturnWhiteWinsInCase7" classname="PokerGameTest" time="0.0"/>
  <testcase name="shouldReturnBlackWinsInCase3" classname="PokerGameTest" time="0.0"/>
  <testcase name="shouldReturnBlackWinsInCase5" classname="PokerGameTest" time="0.0"/>
  <testcase name="shouldReturnBlackWinsInCase8" classname="PokerGameTest" time="0.0"/>
  <system-out><![CDATA[]]></system-out>
  <system-err><![CDATA[]]></system-err>
</testsuite>
