<?xml version="1.0" encoding="UTF-8"?>
<testsuite name="PokerGameTest" tests="1" skipped="0" failures="0" errors="0" timestamp="2020-06-24T02:38:10" hostname="LAPTOP-JQUVDO8R" time="0.006">
  <properties/>
  <testcase name="shouldReturnWhiteWinsInCase1" classname="PokerGameTest" time="0.006"/>
  <system-out><![CDATA[]]></system-out>
  <system-err><![CDATA[]]></system-err>
</testsuite>
