<?xml version="1.0" encoding="UTF-8"?>
<testsuite name="PokerGameTest" tests="2" skipped="0" failures="0" errors="0" timestamp="2020-06-24T05:51:53" hostname="LAPTOP-JQUVDO8R" time="0.003">
  <properties/>
  <testcase name="shouldReturnWhiteWinsInCase1" classname="PokerGameTest" time="0.003"/>
  <testcase name="shouldReturnWhiteWinsInCase2" classname="PokerGameTest" time="0.0"/>
  <system-out><![CDATA[]]></system-out>
  <system-err><![CDATA[]]></system-err>
</testsuite>
