<?xml version="1.0" encoding="UTF-8"?>
<testsuite name="PokerGameTest" tests="1" skipped="0" failures="0" errors="0" timestamp="2020-06-25T01:43:28" hostname="LAPTOP-JQUVDO8R" time="0.005">
  <properties/>
  <testcase name="shouldReturnWhiteWinsInCase6" classname="PokerGameTest" time="0.005"/>
  <system-out><![CDATA[flush
straight flush
]]></system-out>
  <system-err><![CDATA[]]></system-err>
</testsuite>
